<?xml version="1.0" encoding="UTF-8"?>
<testng-results ignored="0" total="1" passed="1" failed="0" skipped="0">
  <reporter-output>
  </reporter-output>
  <suite started-at="2021-05-23T20:31:37Z" name="Suite" finished-at="2021-05-23T20:31:51Z" duration-ms="13877">
    <groups>
    </groups>
    <test started-at="2021-05-23T20:31:37Z" name="Test" finished-at="2021-05-23T20:31:51Z" duration-ms="13877">
      <class name="StepsDefinition.OpenSteps">
        <test-method is-config="true" signature="OpenBrowser()[pri:0, instance:StepsDefinition.OpenSteps@2f508f3c]" started-at="2021-05-23T20:31:37Z" name="OpenBrowser" finished-at="2021-05-23T20:31:44Z" duration-ms="6687" status="PASS">
          <reporter-output>
          </reporter-output>
        </test-method> <!-- OpenBrowser -->
        <test-method signature="navigation()[pri:0, instance:StepsDefinition.OpenSteps@2f508f3c]" started-at="2021-05-23T20:31:44Z" name="navigation" finished-at="2021-05-23T20:31:50Z" duration-ms="5554" status="PASS">
          <reporter-output>
          </reporter-output>
        </test-method> <!-- navigation -->
        <test-method is-config="true" signature="closeBrowser()[pri:0, instance:StepsDefinition.OpenSteps@2f508f3c]" started-at="2021-05-23T20:31:50Z" name="closeBrowser" finished-at="2021-05-23T20:31:51Z" duration-ms="1116" status="PASS">
          <reporter-output>
          </reporter-output>
        </test-method> <!-- closeBrowser -->
      </class> <!-- StepsDefinition.OpenSteps -->
    </test> <!-- Test -->
  </suite> <!-- Suite -->
</testng-results>
